2021-03-03 08:58:33.8455|INFO|CityInfo.API.Program|Initializing application...
2021-03-03 08:58:39.2698|INFO|Microsoft.AspNetCore.DataProtection.KeyManagement.XmlKeyManager|User profile is available. Using 'C:\Users\woosleyc\AppData\Local\ASP.NET\DataProtection-Keys' as key repository and Windows DPAPI to encrypt keys at rest.
2021-03-03 08:58:40.2719|INFO|Microsoft.AspNetCore.Hosting.Internal.WebHost|Request starting HTTP/1.1 DEBUG http://localhost:1028/  0
2021-03-03 08:58:40.2719|INFO|Microsoft.AspNetCore.Hosting.Internal.WebHost|Request starting HTTP/1.1 GET http://localhost:1028/  
2021-03-03 08:58:40.3858|INFO|Microsoft.AspNetCore.Hosting.Internal.WebHost|Request finished in 115.1274ms 200 
2021-03-03 08:58:40.7326|INFO|Microsoft.AspNetCore.Hosting.Internal.WebHost|Request finished in 463.9543ms 404 text/plain
2021-03-03 08:58:40.8342|INFO|Microsoft.AspNetCore.Hosting.Internal.WebHost|Request starting HTTP/1.1 GET http://localhost:1028/favicon.ico  
2021-03-03 08:58:40.8452|INFO|Microsoft.AspNetCore.Hosting.Internal.WebHost|Request finished in 8.9829ms 404 text/plain
2021-03-03 08:59:48.2954|INFO|CityInfo.API.Program|Initializing application...
2021-03-03 08:59:51.8293|INFO|Microsoft.AspNetCore.DataProtection.KeyManagement.XmlKeyManager|User profile is available. Using 'C:\Users\woosleyc\AppData\Local\ASP.NET\DataProtection-Keys' as key repository and Windows DPAPI to encrypt keys at rest.
2021-03-03 08:59:56.9037|INFO|CityInfo.API.Program|Initializing application...
2021-03-03 08:59:57.3594|INFO|Microsoft.AspNetCore.DataProtection.KeyManagement.XmlKeyManager|User profile is available. Using 'C:\Users\woosleyc\AppData\Local\ASP.NET\DataProtection-Keys' as key repository and Windows DPAPI to encrypt keys at rest.
2021-03-03 08:59:57.6352|INFO|Microsoft.AspNetCore.Hosting.Internal.WebHost|Request starting HTTP/1.1 GET http://localhost:1028/  
2021-03-03 08:59:57.7388|INFO|Microsoft.AspNetCore.Hosting.Internal.WebHost|Request finished in 103.8253ms 404 text/plain
2021-03-03 09:00:16.7879|INFO|CityInfo.API.Program|Initializing application...
2021-03-03 09:00:17.2313|INFO|Microsoft.AspNetCore.DataProtection.KeyManagement.XmlKeyManager|User profile is available. Using 'C:\Users\woosleyc\AppData\Local\ASP.NET\DataProtection-Keys' as key repository and Windows DPAPI to encrypt keys at rest.
2021-03-03 09:00:52.4083|INFO|CityInfo.API.Program|Initializing application...
2021-03-03 09:00:52.8573|INFO|Microsoft.AspNetCore.DataProtection.KeyManagement.XmlKeyManager|User profile is available. Using 'C:\Users\woosleyc\AppData\Local\ASP.NET\DataProtection-Keys' as key repository and Windows DPAPI to encrypt keys at rest.
2021-03-03 09:01:05.9014|INFO|CityInfo.API.Program|Initializing application...
2021-03-03 09:01:06.5309|INFO|Microsoft.AspNetCore.DataProtection.KeyManagement.XmlKeyManager|User profile is available. Using 'C:\Users\woosleyc\AppData\Local\ASP.NET\DataProtection-Keys' as key repository and Windows DPAPI to encrypt keys at rest.
2021-03-03 09:01:06.7152|WARN|Microsoft.AspNetCore.Server.Kestrel|Unable to bind to http://localhost:1028 on the IPv4 loopback interface: 'An attempt was made to access a socket in a way forbidden by its access permissions'.
2021-03-03 09:01:06.7152|WARN|Microsoft.AspNetCore.Server.Kestrel|Unable to bind to http://localhost:1028 on the IPv6 loopback interface: 'An attempt was made to access a socket in a way forbidden by its access permissions'.
2021-03-03 09:01:06.7587|FATAL|Microsoft.AspNetCore.Server.Kestrel|Unable to start Kestrel.
2021-03-03 09:01:06.7834|ERROR|CityInfo.API.Program|Application stopped because of exception.
2021-03-03 09:01:15.6617|INFO|Microsoft.AspNetCore.Hosting.Internal.WebHost|Request starting HTTP/1.1 GET http://localhost:1028/api/cities  
2021-03-03 09:01:15.6996|INFO|Microsoft.AspNetCore.Mvc.Internal.ControllerActionInvoker|Route matched with {action = "GetCities", controller = "Cities"}. Executing controller action with signature Microsoft.AspNetCore.Mvc.IActionResult GetCities() on controller CityInfo.API.Controllers.CitiesController (CityInfo.API).
2021-03-03 09:01:15.7154|INFO|Microsoft.AspNetCore.Mvc.Internal.ControllerActionInvoker|Executing action method CityInfo.API.Controllers.CitiesController.GetCities (CityInfo.API) - Validation state: Valid
2021-03-03 09:01:15.7278|INFO|Microsoft.AspNetCore.Mvc.Internal.ControllerActionInvoker|Executed action method CityInfo.API.Controllers.CitiesController.GetCities (CityInfo.API), returned result Microsoft.AspNetCore.Mvc.OkObjectResult in 2.7037ms.
2021-03-03 09:01:15.7448|INFO|Microsoft.AspNetCore.Mvc.Infrastructure.ObjectResultExecutor|Executing ObjectResult, writing value of type 'System.Collections.Generic.List`1[[CityInfo.API.Models.CityDto, CityInfo.API, Version=1.0.0.0, Culture=neutral, PublicKeyToken=null]]'.
2021-03-03 09:01:15.8044|INFO|Microsoft.AspNetCore.Mvc.Internal.ControllerActionInvoker|Executed action CityInfo.API.Controllers.CitiesController.GetCities (CityInfo.API) in 96.6806ms
2021-03-03 09:01:15.8106|INFO|Microsoft.AspNetCore.Hosting.Internal.WebHost|Request finished in 148.8509ms 200 application/json; charset=utf-8
2021-03-03 09:01:26.1274|INFO|CityInfo.API.Program|Initializing application...
2021-03-03 09:01:26.5859|INFO|Microsoft.AspNetCore.DataProtection.KeyManagement.XmlKeyManager|User profile is available. Using 'C:\Users\woosleyc\AppData\Local\ASP.NET\DataProtection-Keys' as key repository and Windows DPAPI to encrypt keys at rest.
2021-03-03 09:01:26.7754|WARN|Microsoft.AspNetCore.Server.Kestrel|Unable to bind to http://localhost:1028 on the IPv4 loopback interface: 'An attempt was made to access a socket in a way forbidden by its access permissions'.
2021-03-03 09:01:26.7754|WARN|Microsoft.AspNetCore.Server.Kestrel|Unable to bind to http://localhost:1028 on the IPv6 loopback interface: 'An attempt was made to access a socket in a way forbidden by its access permissions'.
2021-03-03 09:01:26.8082|FATAL|Microsoft.AspNetCore.Server.Kestrel|Unable to start Kestrel.
2021-03-03 09:01:26.8320|ERROR|CityInfo.API.Program|Application stopped because of exception.
2021-03-03 09:06:00.7897|INFO|CityInfo.API.Program|Initializing application...
2021-03-03 09:06:01.2637|INFO|Microsoft.AspNetCore.DataProtection.KeyManagement.XmlKeyManager|User profile is available. Using 'C:\Users\woosleyc\AppData\Local\ASP.NET\DataProtection-Keys' as key repository and Windows DPAPI to encrypt keys at rest.
2021-03-03 09:06:01.5080|WARN|Microsoft.AspNetCore.Server.Kestrel|Unable to bind to https://localhost:1028 on the IPv4 loopback interface: 'An attempt was made to access a socket in a way forbidden by its access permissions'.
2021-03-03 09:06:01.5080|WARN|Microsoft.AspNetCore.Server.Kestrel|Unable to bind to https://localhost:1028 on the IPv6 loopback interface: 'An attempt was made to access a socket in a way forbidden by its access permissions'.
2021-03-03 09:06:01.5403|FATAL|Microsoft.AspNetCore.Server.Kestrel|Unable to start Kestrel.
2021-03-03 09:06:01.5691|ERROR|CityInfo.API.Program|Application stopped because of exception.
2021-03-03 09:08:29.2041|INFO|Microsoft.AspNetCore.Hosting.Internal.WebHost|Request starting HTTP/1.1 GET http://localhost:1028/  
2021-03-03 09:08:29.2536|INFO|Microsoft.AspNetCore.Hosting.Internal.WebHost|Request finished in 18.2589ms 404 text/plain
2021-03-03 09:08:32.6414|INFO|Microsoft.AspNetCore.Hosting.Internal.WebHost|Request starting HTTP/1.1 GET http://localhost:1028/api/cities  
2021-03-03 09:08:32.6665|INFO|Microsoft.AspNetCore.Mvc.Internal.ControllerActionInvoker|Route matched with {action = "GetCities", controller = "Cities"}. Executing controller action with signature Microsoft.AspNetCore.Mvc.IActionResult GetCities() on controller CityInfo.API.Controllers.CitiesController (CityInfo.API).
2021-03-03 09:08:32.7905|INFO|Microsoft.AspNetCore.Mvc.Internal.ControllerActionInvoker|Executing action method CityInfo.API.Controllers.CitiesController.GetCities (CityInfo.API) - Validation state: Valid
2021-03-03 09:08:32.7905|INFO|Microsoft.AspNetCore.Mvc.Internal.ControllerActionInvoker|Executed action method CityInfo.API.Controllers.CitiesController.GetCities (CityInfo.API), returned result Microsoft.AspNetCore.Mvc.OkObjectResult in 0.0208ms.
2021-03-03 09:08:32.8021|INFO|Microsoft.AspNetCore.Mvc.Infrastructure.ObjectResultExecutor|Executing ObjectResult, writing value of type 'System.Collections.Generic.List`1[[CityInfo.API.Models.CityDto, CityInfo.API, Version=1.0.0.0, Culture=neutral, PublicKeyToken=null]]'.
2021-03-03 09:08:32.8021|INFO|Microsoft.AspNetCore.Mvc.Internal.ControllerActionInvoker|Executed action CityInfo.API.Controllers.CitiesController.GetCities (CityInfo.API) in 135.388ms
2021-03-03 09:08:32.8021|INFO|Microsoft.AspNetCore.Hosting.Internal.WebHost|Request finished in 174.171ms 200 application/json; charset=utf-8
2021-03-03 13:29:55.3162|INFO|CityInfo.API.Program|Initializing application...
2021-03-03 13:29:57.9027|INFO|Microsoft.AspNetCore.DataProtection.KeyManagement.XmlKeyManager|User profile is available. Using 'C:\Users\woosleyc\AppData\Local\ASP.NET\DataProtection-Keys' as key repository and Windows DPAPI to encrypt keys at rest.
2021-03-03 13:29:58.6317|INFO|Microsoft.AspNetCore.Hosting.Internal.WebHost|Request starting HTTP/1.1 DEBUG http://localhost:1028/  0
2021-03-03 13:29:58.6317|INFO|Microsoft.AspNetCore.Hosting.Internal.WebHost|Request starting HTTP/1.1 GET http://localhost:1028/  
2021-03-03 13:29:58.7027|INFO|Microsoft.AspNetCore.Hosting.Internal.WebHost|Request finished in 72.3118ms 200 
2021-03-03 13:29:58.8706|INFO|Microsoft.AspNetCore.Hosting.Internal.WebHost|Request finished in 242.1577ms 404 text/plain
2021-03-03 13:30:11.8399|INFO|Microsoft.AspNetCore.Hosting.Internal.WebHost|Request starting HTTP/1.1 GET http://localhost:1028/api/cities  
2021-03-03 13:30:11.8873|INFO|Microsoft.AspNetCore.Mvc.Internal.ControllerActionInvoker|Route matched with {action = "GetCities", controller = "Cities"}. Executing controller action with signature Microsoft.AspNetCore.Mvc.IActionResult GetCities() on controller CityInfo.API.Controllers.CitiesController (CityInfo.API).
2021-03-03 13:30:11.9735|INFO|Microsoft.AspNetCore.Mvc.Internal.ControllerActionInvoker|Executing action method CityInfo.API.Controllers.CitiesController.GetCities (CityInfo.API) - Validation state: Valid
2021-03-03 13:30:11.9839|INFO|Microsoft.AspNetCore.Mvc.Internal.ControllerActionInvoker|Executed action method CityInfo.API.Controllers.CitiesController.GetCities (CityInfo.API), returned result Microsoft.AspNetCore.Mvc.OkObjectResult in 2.3989ms.
2021-03-03 13:30:11.9964|INFO|Microsoft.AspNetCore.Mvc.Infrastructure.ObjectResultExecutor|Executing ObjectResult, writing value of type 'System.Collections.Generic.List`1[[CityInfo.API.Models.CityDto, CityInfo.API, Version=1.0.0.0, Culture=neutral, PublicKeyToken=null]]'.
2021-03-03 13:30:12.0607|INFO|Microsoft.AspNetCore.Mvc.Internal.ControllerActionInvoker|Executed action CityInfo.API.Controllers.CitiesController.GetCities (CityInfo.API) in 163.7324ms
2021-03-03 13:30:12.0703|INFO|Microsoft.AspNetCore.Hosting.Internal.WebHost|Request finished in 230.5391ms 200 application/json; charset=utf-8
2021-03-03 14:28:50.5355|INFO|CityInfo.API.Program|Initializing application...
2021-03-03 14:28:53.3514|INFO|Microsoft.AspNetCore.DataProtection.KeyManagement.XmlKeyManager|User profile is available. Using 'C:\Users\woosleyc\AppData\Local\ASP.NET\DataProtection-Keys' as key repository and Windows DPAPI to encrypt keys at rest.
2021-03-03 14:28:54.1125|INFO|Microsoft.AspNetCore.Hosting.Internal.WebHost|Request starting HTTP/1.1 GET http://localhost:1028/  
2021-03-03 14:28:54.1125|INFO|Microsoft.AspNetCore.Hosting.Internal.WebHost|Request starting HTTP/1.1 DEBUG http://localhost:1028/  0
2021-03-03 14:28:54.1781|INFO|Microsoft.AspNetCore.Hosting.Internal.WebHost|Request finished in 66.7811ms 200 
2021-03-03 14:28:54.3399|INFO|Microsoft.AspNetCore.Hosting.Internal.WebHost|Request finished in 230.2289ms 404 text/plain
2021-03-03 14:28:59.8057|INFO|Microsoft.AspNetCore.Hosting.Internal.WebHost|Request starting HTTP/1.1 GET http://localhost:1028/api/cities  
2021-03-03 14:28:59.8627|INFO|Microsoft.AspNetCore.Mvc.Internal.ControllerActionInvoker|Route matched with {action = "GetCities", controller = "Cities"}. Executing controller action with signature Microsoft.AspNetCore.Mvc.IActionResult GetCities() on controller CityInfo.API.Controllers.CitiesController (CityInfo.API).
2021-03-03 14:28:59.9603|INFO|Microsoft.AspNetCore.Mvc.Internal.ControllerActionInvoker|Executing action method CityInfo.API.Controllers.CitiesController.GetCities (CityInfo.API) - Validation state: Valid
2021-03-03 14:28:59.9708|INFO|Microsoft.AspNetCore.Mvc.Internal.ControllerActionInvoker|Executed action method CityInfo.API.Controllers.CitiesController.GetCities (CityInfo.API), returned result Microsoft.AspNetCore.Mvc.OkObjectResult in 2.3326ms.
2021-03-03 14:28:59.9834|INFO|Microsoft.AspNetCore.Mvc.Infrastructure.ObjectResultExecutor|Executing ObjectResult, writing value of type 'System.Collections.Generic.List`1[[CityInfo.API.Models.CityDto, CityInfo.API, Version=1.0.0.0, Culture=neutral, PublicKeyToken=null]]'.
2021-03-03 14:29:00.0884|INFO|Microsoft.AspNetCore.Mvc.Internal.ControllerActionInvoker|Executed action CityInfo.API.Controllers.CitiesController.GetCities (CityInfo.API) in 213.6079ms
2021-03-03 14:29:00.1002|INFO|Microsoft.AspNetCore.Hosting.Internal.WebHost|Request finished in 296.4846ms 200 application/json; charset=utf-8
2021-03-03 14:29:20.2211|INFO|Microsoft.AspNetCore.Hosting.Internal.WebHost|Request starting HTTP/1.1 GET http://localhost:1028/api/testdatabase  
2021-03-03 14:29:20.2469|INFO|Microsoft.AspNetCore.Mvc.Internal.ControllerActionInvoker|Route matched with {action = "TestDatabase", controller = "Dummy"}. Executing controller action with signature Microsoft.AspNetCore.Mvc.IActionResult TestDatabase() on controller CityInfo.API.Controllers.DummyController (CityInfo.API).
2021-03-03 14:29:20.5955|INFO|Microsoft.EntityFrameworkCore.Infrastructure|Entity Framework Core 2.1.14-servicing-32113 initialized 'CityInfoContext' using provider 'Microsoft.EntityFrameworkCore.SqlServer' with options: None
2021-03-03 14:29:32.3741|INFO|Microsoft.EntityFrameworkCore.Database.Command|Executed DbCommand (316ms) [Parameters=[], CommandType='Text', CommandTimeout='60']
CREATE DATABASE [CityInfoDB];
2021-03-03 14:29:32.4786|INFO|Microsoft.EntityFrameworkCore.Database.Command|Executed DbCommand (98ms) [Parameters=[], CommandType='Text', CommandTimeout='60']
IF SERVERPROPERTY('EngineEdition') <> 5
BEGIN
    ALTER DATABASE [CityInfoDB] SET READ_COMMITTED_SNAPSHOT ON;
END;
2021-03-03 14:29:32.5603|INFO|Microsoft.EntityFrameworkCore.Database.Command|Executed DbCommand (24ms) [Parameters=[], CommandType='Text', CommandTimeout='30']
CREATE TABLE [Cities] (
    [Id] int NOT NULL IDENTITY,
    [Name] nvarchar(50) NOT NULL,
    [Description] nvarchar(200) NULL,
    CONSTRAINT [PK_Cities] PRIMARY KEY ([Id])
);
2021-03-03 14:29:32.5885|INFO|Microsoft.EntityFrameworkCore.Database.Command|Executed DbCommand (21ms) [Parameters=[], CommandType='Text', CommandTimeout='30']
CREATE TABLE [PointsOfInterest] (
    [Id] int NOT NULL IDENTITY,
    [Name] nvarchar(50) NOT NULL,
    [CityId] int NOT NULL,
    CONSTRAINT [PK_PointsOfInterest] PRIMARY KEY ([Id]),
    CONSTRAINT [FK_PointsOfInterest_Cities_CityId] FOREIGN KEY ([CityId]) REFERENCES [Cities] ([Id]) ON DELETE CASCADE
);
2021-03-03 14:29:32.6121|INFO|Microsoft.EntityFrameworkCore.Database.Command|Executed DbCommand (18ms) [Parameters=[], CommandType='Text', CommandTimeout='30']
CREATE INDEX [IX_PointsOfInterest_CityId] ON [PointsOfInterest] ([CityId]);
2021-03-03 14:29:32.6361|INFO|Microsoft.AspNetCore.Mvc.Internal.ControllerActionInvoker|Executing action method CityInfo.API.Controllers.DummyController.TestDatabase (CityInfo.API) - Validation state: Valid
2021-03-03 14:29:32.6361|INFO|Microsoft.AspNetCore.Mvc.Internal.ControllerActionInvoker|Executed action method CityInfo.API.Controllers.DummyController.TestDatabase (CityInfo.API), returned result Microsoft.AspNetCore.Mvc.OkResult in 0.4434ms.
2021-03-03 14:29:32.6532|INFO|Microsoft.AspNetCore.Mvc.StatusCodeResult|Executing HttpStatusCodeResult, setting HTTP status code 200
2021-03-03 14:29:32.6532|INFO|Microsoft.AspNetCore.Mvc.Internal.ControllerActionInvoker|Executed action CityInfo.API.Controllers.DummyController.TestDatabase (CityInfo.API) in 12404.8877ms
2021-03-03 14:29:32.6684|INFO|Microsoft.AspNetCore.Hosting.Internal.WebHost|Request finished in 12448.6768ms 200 
2021-03-03 14:29:39.6541|INFO|Microsoft.AspNetCore.Hosting.Internal.WebHost|Request starting HTTP/1.1 GET http://localhost:1028/api/cities  
2021-03-03 14:29:39.6541|INFO|Microsoft.AspNetCore.Mvc.Internal.ControllerActionInvoker|Route matched with {action = "GetCities", controller = "Cities"}. Executing controller action with signature Microsoft.AspNetCore.Mvc.IActionResult GetCities() on controller CityInfo.API.Controllers.CitiesController (CityInfo.API).
2021-03-03 14:29:39.7037|INFO|Microsoft.AspNetCore.Mvc.Internal.ControllerActionInvoker|Executing action method CityInfo.API.Controllers.CitiesController.GetCities (CityInfo.API) - Validation state: Valid
2021-03-03 14:29:39.7037|INFO|Microsoft.AspNetCore.Mvc.Internal.ControllerActionInvoker|Executed action method CityInfo.API.Controllers.CitiesController.GetCities (CityInfo.API), returned result Microsoft.AspNetCore.Mvc.OkObjectResult in 0.0117ms.
2021-03-03 14:29:39.7185|INFO|Microsoft.AspNetCore.Mvc.Infrastructure.ObjectResultExecutor|Executing ObjectResult, writing value of type 'System.Collections.Generic.List`1[[CityInfo.API.Models.CityDto, CityInfo.API, Version=1.0.0.0, Culture=neutral, PublicKeyToken=null]]'.
2021-03-03 14:29:39.7185|INFO|Microsoft.AspNetCore.Mvc.Internal.ControllerActionInvoker|Executed action CityInfo.API.Controllers.CitiesController.GetCities (CityInfo.API) in 52.9731ms
2021-03-03 14:29:39.7432|INFO|Microsoft.AspNetCore.Hosting.Internal.WebHost|Request finished in 80.6037ms 200 application/json; charset=utf-8
2021-03-03 14:29:47.6839|INFO|Microsoft.AspNetCore.Hosting.Internal.WebHost|Request starting HTTP/1.1 GET http://localhost:1028/api/testdatabase  
2021-03-03 14:29:47.6839|INFO|Microsoft.AspNetCore.Mvc.Internal.ControllerActionInvoker|Route matched with {action = "TestDatabase", controller = "Dummy"}. Executing controller action with signature Microsoft.AspNetCore.Mvc.IActionResult TestDatabase() on controller CityInfo.API.Controllers.DummyController (CityInfo.API).
2021-03-03 14:29:47.7082|INFO|Microsoft.EntityFrameworkCore.Infrastructure|Entity Framework Core 2.1.14-servicing-32113 initialized 'CityInfoContext' using provider 'Microsoft.EntityFrameworkCore.SqlServer' with options: None
2021-03-03 14:29:47.8302|INFO|Microsoft.EntityFrameworkCore.Database.Command|Executed DbCommand (89ms) [Parameters=[], CommandType='Text', CommandTimeout='30']
IF EXISTS (SELECT * FROM INFORMATION_SCHEMA.TABLES WHERE TABLE_TYPE = 'BASE TABLE') SELECT 1 ELSE SELECT 0
2021-03-03 14:29:47.8565|INFO|Microsoft.AspNetCore.Mvc.Internal.ControllerActionInvoker|Executing action method CityInfo.API.Controllers.DummyController.TestDatabase (CityInfo.API) - Validation state: Valid
2021-03-03 14:29:47.8565|INFO|Microsoft.AspNetCore.Mvc.Internal.ControllerActionInvoker|Executed action method CityInfo.API.Controllers.DummyController.TestDatabase (CityInfo.API), returned result Microsoft.AspNetCore.Mvc.OkResult in 0.004ms.
2021-03-03 14:29:47.8565|INFO|Microsoft.AspNetCore.Mvc.StatusCodeResult|Executing HttpStatusCodeResult, setting HTTP status code 200
2021-03-03 14:29:47.8757|INFO|Microsoft.AspNetCore.Mvc.Internal.ControllerActionInvoker|Executed action CityInfo.API.Controllers.DummyController.TestDatabase (CityInfo.API) in 175.4265ms
2021-03-03 14:29:47.8757|INFO|Microsoft.AspNetCore.Hosting.Internal.WebHost|Request finished in 199.5518ms 200 
